<?xml version="1.0" encoding="UTF-8"?>
<!-- Generated by org.testng.reporters.JUnitReportReporter -->
<testsuite hostname="MX-IT-ANARUIZ4" failures="0" tests="3" name="Tests.FillFormTests" time="0.072" errors="0" timestamp="2025-04-09T12:39:55 CST" skipped="0">
  <testcase classname="Tests.FillFormTests" name="FillFormSteps" time="0.015"/>
  <testcase classname="Tests.FillFormTests" name="FillFormSteps" time="0.036"/>
  <testcase classname="Tests.FillFormTests" name="FillFormSteps" time="0.021"/>
</testsuite> <!-- Tests.FillFormTests -->
