<?xml version="1.0" encoding="UTF-8"?>
<!-- Generated by org.testng.reporters.JUnitReportReporter -->
<testsuite hostname="Sarahi_Lab" failures="0" tests="1" name="Tests.RadioButtonTests" time="23.135" errors="0" timestamp="2025-06-07T12:16:56 CST" skipped="0">
  <testcase classname="Tests.RadioButtonTests" name="FillRadioButton" time="23.135"/>
</testsuite> <!-- Tests.RadioButtonTests -->
