<?xml version="1.0" encoding="UTF-8"?>
<!-- Generated by org.testng.reporters.JUnitReportReporter -->
<testsuite hostname="MX-IT-ANARUIZ4" failures="0" tests="1" name="Tests.RadioButtonTests" time="22.853" errors="0" timestamp="2025-05-26T13:16:22 CST" skipped="0">
  <testcase classname="Tests.RadioButtonTests" name="FillRadioButton" time="22.853"/>
</testsuite> <!-- Tests.RadioButtonTests -->
