<?xml version="1.0" encoding="UTF-8"?>
<!-- Generated by org.testng.reporters.JUnitReportReporter -->
<testsuite hostname="Sarahi_Lab" failures="0" tests="3" name="Tests.FillFormTests" time="0.349" errors="0" timestamp="2025-06-07T12:19:01 CST" skipped="0">
  <testcase classname="Tests.FillFormTests" name="FillFormSteps" time="0.193"/>
  <testcase classname="Tests.FillFormTests" name="FillFormSteps" time="0.117"/>
  <testcase classname="Tests.FillFormTests" name="FillFormSteps" time="0.039"/>
</testsuite> <!-- Tests.FillFormTests -->
