<?xml version="1.0" encoding="UTF-8"?>
<!-- Generated by org.testng.reporters.JUnitReportReporter -->
<testsuite hostname="MX-IT-ANARUIZ4" failures="0" tests="1" name="Tests.RadioButtonTests" time="21.066" errors="0" timestamp="2025-05-26T15:16:23 CST" skipped="0">
  <testcase classname="Tests.RadioButtonTests" name="FillRadioButton" time="21.066"/>
</testsuite> <!-- Tests.RadioButtonTests -->
