<?xml version="1.0" encoding="UTF-8"?>
<!-- Generated by org.testng.reporters.JUnitReportReporter -->
<testsuite hostname="MX-IT-ANARUIZ4" failures="0" tests="3" name="Tests.FillFormTests" time="0.076" errors="0" timestamp="2025-05-26T15:16:23 CST" skipped="0">
  <testcase classname="Tests.FillFormTests" name="FillFormSteps" time="0.039"/>
  <testcase classname="Tests.FillFormTests" name="FillFormSteps" time="0.016"/>
  <testcase classname="Tests.FillFormTests" name="FillFormSteps" time="0.021"/>
</testsuite> <!-- Tests.FillFormTests -->
